  [1m[35m (0.1ms)[0m  [1m[34mSELECT sqlite_version(*)[0m
  [1m[35m (2.6ms)[0m  [1m[35mCREATE TABLE "schema_migrations" ("version" varchar NOT NULL PRIMARY KEY)[0m
  [1m[35m (1.6ms)[0m  [1m[35mCREATE TABLE "ar_internal_metadata" ("key" varchar NOT NULL PRIMARY KEY, "value" varchar, "created_at" datetime NOT NULL, "updated_at" datetime NOT NULL)[0m
  [1m[35m (0.2ms)[0m  [1m[34mSELECT "schema_migrations"."version" FROM "schema_migrations" ORDER BY "schema_migrations"."version" ASC[0m
Migrating to CreateBooks (20170729153105)
  [1m[35m (0.1ms)[0m  [1m[36mbegin transaction[0m
  [1m[35m (0.8ms)[0m  [1m[35mCREATE TABLE "books" ("id" INTEGER PRIMARY KEY AUTOINCREMENT NOT NULL, "title" varchar, "isbn" integer, "author" varchar, "description" text, "created_at" datetime NOT NULL, "updated_at" datetime NOT NULL)[0m
  [1m[35mSQL (0.2ms)[0m  [1m[32mINSERT INTO "schema_migrations" ("version") VALUES (?)[0m  [["version", "20170729153105"]]
  [1m[35m (1.9ms)[0m  [1m[36mcommit transaction[0m
  [1m[36mActiveRecord::InternalMetadata Load (0.2ms)[0m  [1m[34mSELECT  "ar_internal_metadata".* FROM "ar_internal_metadata" WHERE "ar_internal_metadata"."key" = ? LIMIT ?[0m  [["key", "environment"], ["LIMIT", 1]]
  [1m[35m (0.1ms)[0m  [1m[36mbegin transaction[0m
  [1m[35mSQL (0.5ms)[0m  [1m[32mINSERT INTO "ar_internal_metadata" ("key", "value", "created_at", "updated_at") VALUES (?, ?, ?, ?)[0m  [["key", "environment"], ["value", "development"], ["created_at", "2017-07-29 15:38:15.396048"], ["updated_at", "2017-07-29 15:38:15.396048"]]
  [1m[35m (3.3ms)[0m  [1m[36mcommit transaction[0m
  [1m[35m (0.3ms)[0m  [1m[34mSELECT "schema_migrations"."version" FROM "schema_migrations" ORDER BY "schema_migrations"."version" ASC[0m
  [1m[35m (0.2ms)[0m  [1m[34mSELECT "schema_migrations"."version" FROM "schema_migrations" ORDER BY "schema_migrations"."version" ASC[0m
Migrating to CreatePatrons (20170729154059)
  [1m[35m (0.1ms)[0m  [1m[36mbegin transaction[0m
  [1m[35m (0.1ms)[0m  [1m[34mSELECT sqlite_version(*)[0m
  [1m[35m (0.5ms)[0m  [1m[35mCREATE TABLE "patrons" ("id" INTEGER PRIMARY KEY AUTOINCREMENT NOT NULL, "name" varchar, "library_card_number" integer, "email" varchar, "created_at" datetime NOT NULL, "updated_at" datetime NOT NULL)[0m
  [1m[35mSQL (0.3ms)[0m  [1m[32mINSERT INTO "schema_migrations" ("version") VALUES (?)[0m  [["version", "20170729154059"]]
  [1m[35m (1.6ms)[0m  [1m[36mcommit transaction[0m
  [1m[36mActiveRecord::InternalMetadata Load (0.3ms)[0m  [1m[34mSELECT  "ar_internal_metadata".* FROM "ar_internal_metadata" WHERE "ar_internal_metadata"."key" = ? LIMIT ?[0m  [["key", "environment"], ["LIMIT", 1]]
  [1m[35m (0.1ms)[0m  [1m[36mbegin transaction[0m
  [1m[35m (0.1ms)[0m  [1m[36mcommit transaction[0m
  [1m[35m (0.2ms)[0m  [1m[34mSELECT "schema_migrations"."version" FROM "schema_migrations" ORDER BY "schema_migrations"."version" ASC[0m
  [1m[35m (0.3ms)[0m  [1m[34mSELECT "schema_migrations"."version" FROM "schema_migrations" ORDER BY "schema_migrations"."version" ASC[0m
Migrating to CreateHolds (20170729154314)
  [1m[35m (0.1ms)[0m  [1m[36mbegin transaction[0m
  [1m[35m (0.2ms)[0m  [1m[34mSELECT sqlite_version(*)[0m
  [1m[35m (0.6ms)[0m  [1m[35mCREATE TABLE "holds" ("id" INTEGER PRIMARY KEY AUTOINCREMENT NOT NULL, "book_id" integer, "patron_id" integer, "date_placed" date, "created_at" datetime NOT NULL, "updated_at" datetime NOT NULL)[0m
  [1m[35mSQL (0.2ms)[0m  [1m[32mINSERT INTO "schema_migrations" ("version") VALUES (?)[0m  [["version", "20170729154314"]]
  [1m[35m (1.7ms)[0m  [1m[36mcommit transaction[0m
  [1m[36mActiveRecord::InternalMetadata Load (0.5ms)[0m  [1m[34mSELECT  "ar_internal_metadata".* FROM "ar_internal_metadata" WHERE "ar_internal_metadata"."key" = ? LIMIT ?[0m  [["key", "environment"], ["LIMIT", 1]]
  [1m[35m (0.1ms)[0m  [1m[36mbegin transaction[0m
  [1m[35m (0.1ms)[0m  [1m[36mcommit transaction[0m
  [1m[35m (0.2ms)[0m  [1m[34mSELECT "schema_migrations"."version" FROM "schema_migrations" ORDER BY "schema_migrations"."version" ASC[0m
  [1m[35m (0.2ms)[0m  [1m[34mSELECT "schema_migrations"."version" FROM "schema_migrations" ORDER BY "schema_migrations"."version" ASC[0m
Migrating to CreateLoans (20170729154553)
  [1m[35m (0.1ms)[0m  [1m[36mbegin transaction[0m
  [1m[35m (0.1ms)[0m  [1m[34mSELECT sqlite_version(*)[0m
  [1m[35m (0.6ms)[0m  [1m[35mCREATE TABLE "loans" ("id" INTEGER PRIMARY KEY AUTOINCREMENT NOT NULL, "book_id" integer, "patron_id" integer, "due_date" date, "renewals" integer, "created_at" datetime NOT NULL, "updated_at" datetime NOT NULL)[0m
  [1m[35mSQL (0.2ms)[0m  [1m[32mINSERT INTO "schema_migrations" ("version") VALUES (?)[0m  [["version", "20170729154553"]]
  [1m[35m (1.6ms)[0m  [1m[36mcommit transaction[0m
  [1m[36mActiveRecord::InternalMetadata Load (0.6ms)[0m  [1m[34mSELECT  "ar_internal_metadata".* FROM "ar_internal_metadata" WHERE "ar_internal_metadata"."key" = ? LIMIT ?[0m  [["key", "environment"], ["LIMIT", 1]]
  [1m[35m (0.1ms)[0m  [1m[36mbegin transaction[0m
  [1m[35m (0.1ms)[0m  [1m[36mcommit transaction[0m
  [1m[35m (0.3ms)[0m  [1m[34mSELECT "schema_migrations"."version" FROM "schema_migrations" ORDER BY "schema_migrations"."version" ASC[0m
  [1m[35m (0.1ms)[0m  [1m[36mbegin transaction[0m
  [1m[35mSQL (1.2ms)[0m  [1m[32mINSERT INTO "books" ("title", "created_at", "updated_at") VALUES (?, ?, ?)[0m  [["title", "A book"], ["created_at", "2017-07-29 15:53:16.370911"], ["updated_at", "2017-07-29 15:53:16.370911"]]
  [1m[35m (1.5ms)[0m  [1m[36mcommit transaction[0m
  [1m[35m (0.1ms)[0m  [1m[36mbegin transaction[0m
  [1m[35mSQL (0.7ms)[0m  [1m[32mINSERT INTO "books" ("title", "created_at", "updated_at") VALUES (?, ?, ?)[0m  [["title", "Another Book"], ["created_at", "2017-07-29 15:53:30.232611"], ["updated_at", "2017-07-29 15:53:30.232611"]]
  [1m[35m (12.3ms)[0m  [1m[36mcommit transaction[0m
  [1m[35m (0.1ms)[0m  [1m[36mbegin transaction[0m
  [1m[35mSQL (0.5ms)[0m  [1m[32mINSERT INTO "patrons" ("name", "created_at", "updated_at") VALUES (?, ?, ?)[0m  [["name", "Pam"], ["created_at", "2017-07-29 15:53:47.854209"], ["updated_at", "2017-07-29 15:53:47.854209"]]
  [1m[35m (9.9ms)[0m  [1m[36mcommit transaction[0m
  [1m[35m (0.1ms)[0m  [1m[36mbegin transaction[0m
  [1m[35mSQL (0.7ms)[0m  [1m[32mINSERT INTO "patrons" ("name", "created_at", "updated_at") VALUES (?, ?, ?)[0m  [["name", "Sam"], ["created_at", "2017-07-29 15:54:01.785519"], ["updated_at", "2017-07-29 15:54:01.785519"]]
  [1m[35m (10.6ms)[0m  [1m[36mcommit transaction[0m
  [1m[35m (0.1ms)[0m  [1m[36mbegin transaction[0m
  [1m[36mBook Load (0.2ms)[0m  [1m[34mSELECT  "books".* FROM "books" WHERE "books"."id" = ? LIMIT ?[0m  [["id", 1], ["LIMIT", 1]]
  [1m[36mPatron Load (0.3ms)[0m  [1m[34mSELECT  "patrons".* FROM "patrons" WHERE "patrons"."id" = ? LIMIT ?[0m  [["id", 1], ["LIMIT", 1]]
  [1m[35mSQL (0.4ms)[0m  [1m[32mINSERT INTO "holds" ("book_id", "patron_id", "created_at", "updated_at") VALUES (?, ?, ?, ?)[0m  [["book_id", 1], ["patron_id", 1], ["created_at", "2017-07-29 16:01:40.853809"], ["updated_at", "2017-07-29 16:01:40.853809"]]
  [1m[35m (1.4ms)[0m  [1m[36mcommit transaction[0m
  [1m[35m (0.1ms)[0m  [1m[36mbegin transaction[0m
  [1m[36mBook Load (0.2ms)[0m  [1m[34mSELECT  "books".* FROM "books" WHERE "books"."id" = ? LIMIT ?[0m  [["id", 2], ["LIMIT", 1]]
  [1m[36mPatron Load (0.2ms)[0m  [1m[34mSELECT  "patrons".* FROM "patrons" WHERE "patrons"."id" = ? LIMIT ?[0m  [["id", 2], ["LIMIT", 1]]
  [1m[35mSQL (0.6ms)[0m  [1m[32mINSERT INTO "loans" ("book_id", "patron_id", "created_at", "updated_at") VALUES (?, ?, ?, ?)[0m  [["book_id", 2], ["patron_id", 2], ["created_at", "2017-07-29 16:02:58.418227"], ["updated_at", "2017-07-29 16:02:58.418227"]]
  [1m[35m (5.2ms)[0m  [1m[36mcommit transaction[0m
  [1m[36mPatron Load (0.4ms)[0m  [1m[34mSELECT  "patrons".* FROM "patrons" ORDER BY "patrons"."id" ASC LIMIT ?[0m  [["LIMIT", 1]]
  [1m[36mHold Load (0.3ms)[0m  [1m[34mSELECT  "holds".* FROM "holds" WHERE "holds"."patron_id" = ? LIMIT ?[0m  [["patron_id", 1], ["LIMIT", 11]]
  [1m[36mPatron Load (0.2ms)[0m  [1m[34mSELECT  "patrons".* FROM "patrons" ORDER BY "patrons"."id" ASC LIMIT ?[0m  [["LIMIT", 1]]
  [1m[36mPatron Load (0.3ms)[0m  [1m[34mSELECT  "patrons".* FROM "patrons" ORDER BY "patrons"."id" ASC LIMIT ?[0m  [["LIMIT", 1]]
  [1m[36mLoan Load (0.2ms)[0m  [1m[34mSELECT  "loans".* FROM "loans" WHERE "loans"."patron_id" = ? LIMIT ?[0m  [["patron_id", 1], ["LIMIT", 11]]
  [1m[36mPatron Load (0.2ms)[0m  [1m[34mSELECT  "patrons".* FROM "patrons" ORDER BY "patrons"."id" ASC LIMIT ? OFFSET ?[0m  [["LIMIT", 1], ["OFFSET", 1]]
  [1m[36mLoan Load (0.2ms)[0m  [1m[34mSELECT  "loans".* FROM "loans" WHERE "loans"."patron_id" = ? LIMIT ?[0m  [["patron_id", 2], ["LIMIT", 11]]
  [1m[36mPatron Load (0.3ms)[0m  [1m[34mSELECT  "patrons".* FROM "patrons" ORDER BY "patrons"."id" ASC LIMIT ? OFFSET ?[0m  [["LIMIT", 1], ["OFFSET", 1]]
  [1m[36mHold Load (0.2ms)[0m  [1m[34mSELECT  "holds".* FROM "holds" WHERE "holds"."patron_id" = ? LIMIT ?[0m  [["patron_id", 2], ["LIMIT", 11]]
